PCAD Importer Log
Project : LAB03.LibPkg

Section : C:\Users\User\Desktop\Altium libs\LAB03.LIA
    Section : PCB Library - LAB03.PcbLib
        Section : Load Messages
            Warning - 1 : Skipping Token defaultPinDes On Line 115
            Warning - 1 : Skipping Token defaultPinDes On Line 116
            Warning - 1 : Skipping Token defaultPinDes On Line 117
            Warning - 1 : Skipping Token defaultPinDes On Line 118
            Warning - 1 : Skipping Token defaultPinDes On Line 119
            Warning - 1 : Skipping Token TDA2003 On Line 133
            Warning - 1 : Skipping Token attachedSymbol On Line 191
        EndSection

        Section : Import Messages
        EndSection
    EndSection

    Section : SCH Library - LAB03.SchLib
        Section : Parsing Messages
            Warning - 1 : Skipping Token padStyleDef On Line 13
            Warning - 1 : Skipping Token padStyleDef On Line 23
            Warning - 1 : Skipping Token viaStyleDef On Line 33
            Warning - 1 : Skipping Token multiLayer On Line 93
            Warning - 1 : Skipping Token layerContents On Line 96
            Warning - 1 : Skipping Token layerContents On Line 100
            Warning - 1 : Skipping Token multiLayer On Line 114
            Warning - 1 : Skipping Token layerContents On Line 121
            Warning - 1 : Skipping Token layerContents On Line 125
            Warning - 1 : Skipping Token defaultPinDes On Line 140
            Warning - 1 : Skipping Token defaultPinDes On Line 147
            Warning - 1 : Skipping Token defaultPinDes On Line 154
            Warning - 1 : Skipping Token defaultPinDes On Line 161
            Warning - 1 : Skipping Token defaultPinDes On Line 168
        EndSection

        Section : Generating SCH Library - LAB03.SchLib
        EndSection
    EndSection
EndSection
